<?xml version="1.0" encoding="UTF-8"?>
<!-- Generated by org.testng.reporters.JUnitXMLReporter -->
<testsuite ignored="0" hostname="IB-Pune-LAP-163" failures="0" tests="2" name="Default test" time="7.342" errors="0" timestamp="2022-12-30T15:14:56 IST">
  <testcase classname="ExcelDrivenFramework.ExcelDrivenFramework.ExcelDriven" name="addBook" time="7.129"/>
  <testcase classname="ExcelDrivenFramework.ExcelDrivenFramework.ExcelDriven" name="deleteBook" time="0.134"/>
</testsuite> <!-- Default test -->
