<?xml version="1.0" encoding="UTF-8"?>
<!-- Generated by org.testng.reporters.JUnitXMLReporter -->
<testsuite ignored="0" hostname="IB-Pune-LAP-163" failures="1" tests="1" name="Test" time="2.136" errors="0" timestamp="2022-12-30T12:24:03 IST">
  <testcase classname="ExcelDrivenFramework.ExcelDrivenFramework.ExcelDriven" name="addBook" time="1.996">
    <failure type="java.lang.ExceptionInInitializerError">
      <![CDATA[java.lang.ExceptionInInitializerError
at ExcelDrivenFramework.ExcelDrivenFramework.ExcelDriven.addBook(ExcelDriven.java:37)
at java.base/java.util.ArrayList.forEach(ArrayList.java:1511)
Caused by: groovy.lang.MissingMethodException: No signature of method: static org.apache.http.conn.ssl.X509HostnameVerifier.getSimpleName() is applicable for argument types: () values: []
at groovy.lang.MetaClassImpl.invokeStaticMissingMethod(MetaClassImpl.java:1500)
at groovy.lang.MetaClassImpl.invokeStaticMethod(MetaClassImpl.java:1486)
at org.codehaus.groovy.runtime.callsite.StaticMetaClassSite.call(StaticMetaClassSite.java:53)
at org.codehaus.groovy.runtime.callsite.CallSiteArray.defaultCall(CallSiteArray.java:48)
at org.codehaus.groovy.runtime.callsite.AbstractCallSite.call(AbstractCallSite.java:113)
at org.codehaus.groovy.runtime.callsite.AbstractCallSite.call(AbstractCallSite.java:117)
at io.restassured.internal.assertion.AssertParameter.notNull(AssertParameter.groovy:21)
at io.restassured.config.SSLConfig.<init>(SSLConfig.java:192)
at io.restassured.config.SSLConfig.<init>(SSLConfig.java:184)
at io.restassured.config.RestAssuredConfig.<init>(RestAssuredConfig.java:41)
at io.restassured.RestAssured.<clinit>(RestAssured.java:420)
... 29 more
... Removed 27 stack frames]]>
    </failure>
  </testcase> <!-- addBook -->
</testsuite> <!-- Test -->
