<?xml version="1.0" encoding="UTF-8"?>
<testng-results ignored="0" total="2" passed="2" failed="0" skipped="0">
  <reporter-output>
  </reporter-output>
  <suite started-at="2022-12-30T15:14:48 IST" name="Default suite" finished-at="2022-12-30T15:14:56 IST" duration-ms="7342">
    <groups>
    </groups>
    <test started-at="2022-12-30T15:14:48 IST" name="Default test" finished-at="2022-12-30T15:14:56 IST" duration-ms="7342">
      <class name="ExcelDrivenFramework.ExcelDrivenFramework.ExcelDriven">
        <test-method signature="addBook()[pri:0, instance:ExcelDrivenFramework.ExcelDrivenFramework.ExcelDriven@4803b726]" started-at="2022-12-30T15:14:48 IST" name="addBook" finished-at="2022-12-30T15:14:56 IST" duration-ms="7129" status="PASS">
          <reporter-output>
          </reporter-output>
        </test-method> <!-- addBook -->
        <test-method signature="deleteBook()[pri:0, instance:ExcelDrivenFramework.ExcelDrivenFramework.ExcelDriven@4803b726]" started-at="2022-12-30T15:14:56 IST" name="deleteBook" finished-at="2022-12-30T15:14:56 IST" duration-ms="134" status="PASS">
          <reporter-output>
          </reporter-output>
        </test-method> <!-- deleteBook -->
      </class> <!-- ExcelDrivenFramework.ExcelDrivenFramework.ExcelDriven -->
    </test> <!-- Default test -->
  </suite> <!-- Default suite -->
</testng-results>
