<?xml version="1.0" encoding="UTF-8"?>
<testng-results ignored="0" total="1" passed="1" failed="0" skipped="0">
  <reporter-output>
  </reporter-output>
  <suite started-at="2022-12-30T13:26:24 IST" name="Default suite" finished-at="2022-12-30T13:26:31 IST" duration-ms="6699">
    <groups>
    </groups>
    <test started-at="2022-12-30T13:26:24 IST" name="Default test" finished-at="2022-12-30T13:26:31 IST" duration-ms="6699">
      <class name="ExcelDrivenFramework.ExcelDrivenFramework.ExcelDriven">
        <test-method signature="addBook()[pri:0, instance:ExcelDrivenFramework.ExcelDrivenFramework.ExcelDriven@4803b726]" started-at="2022-12-30T13:26:24 IST" name="addBook" finished-at="2022-12-30T13:26:31 IST" duration-ms="6598" status="PASS">
          <reporter-output>
          </reporter-output>
        </test-method> <!-- addBook -->
      </class> <!-- ExcelDrivenFramework.ExcelDrivenFramework.ExcelDriven -->
    </test> <!-- Default test -->
  </suite> <!-- Default suite -->
</testng-results>
